<?xml version="1.0" encoding="UTF-8"?>
<!-- Generated by org.testng.reporters.JUnitReportReporter -->
<testsuite hostname="SureshSrinivasan" name="com.ActiTime.Tests.LoginTest" tests="1" failures="0" timestamp="17 May 2016 08:10:37 GMT" time="25.602" errors="0">
  <testcase name="main" time="25.602" classname="com.ActiTime.Tests.LoginTest"/>
</testsuite> <!-- com.ActiTime.Tests.LoginTest -->
